[]
[]
{"gmt_create":"2018-10-26 16:43:16","charset":"utf-8","seller_email":"68063160@qq.com","subject":"\u6d4b\u8bd5","sign":"vdiGgvrZ6uNFa7vhwIeYltFgBHtq1TT117w8pO9XmAvWCNynnCR4lf8VTUjF\/235ylB\/msli3uibVVF7L3qy4vKJvnGIYq+pcfRn7Ceb3hOwmfYMISBSie2KDO\/PynCPl\/FxWBd2nbaL3rrpSeuFhy506hBn7i4TeGelc4JOPBI34ID\/WZgyOc6U9+nKH0bjARA3omSPydn6rqkdCifTBI1UKGHag7WaX\/jAIoYMYqWc9r4PVJl9y0BCU8WGs0y7gg\/oleb8CJaVcx\/sakSXujS2brhLgTUEYZpjNpX33v33wTb8DXXKAyLot7VfwmKSEVd+r2pSHQvD4g\/tCK2RbQ==","buyer_id":"2088312755292251","invoice_amount":"0.01","notify_id":"2018102600222164317092251022953316","fund_bill_list":"[{\"amount\":\"0.01\",\"fundChannel\":\"PCREDIT\"}]","notify_type":"trade_status_sync","trade_status":"TRADE_SUCCESS","receipt_amount":"0.01","app_id":"2018022702283497","buyer_pay_amount":"0.01","sign_type":"RSA2","seller_id":"2088521397903003","gmt_payment":"2018-10-26 16:43:17","notify_time":"2018-10-26 16:43:17","version":"1.0","out_trade_no":"201810260843067502","total_amount":"0.01","trade_no":"2018102622001492251008952036","auth_app_id":"2018022702283497","buyer_logon_id":"139***@qq.com","point_amount":"0.00"}
{"gmt_create":"2018-10-26 16:23:43","charset":"utf-8","seller_email":"68063160@qq.com","subject":"\u6d4b\u8bd5","sign":"cC6FM8PQI0N4CdgntnD9RRiTMEBlGClBWW8JiW6091dVSZsRixI5ySuaJCCD3syGd7l6BdavbO97SJDY35Ncm0zL1g0KVKKsKZ0h3RY6IJ\/ouFR7246CuAPnqSb2cux0rHk2b9hWh5AM0WAIcLNj40KmWT26QVHG4\/bJJQow07c4HCTLajKlqeYRCKnvM96xS8UKy3GAIGwbu8g6OUmhQwc\/9zZUYKVg+Cozqh9XNi+Tgtfqj8K0M6NQrgOjyNnIFu4S\/IBa93x7DGsXUFQXTREn1DLezRcWYrhQnXN0ebl006TKnuOeX\/Jfo0pt32MNlGAd+sd2O+y+ljQ2JpQscg==","buyer_id":"2088312755292251","invoice_amount":"0.01","notify_id":"2018102600222162344092251022843859","fund_bill_list":"[{\"amount\":\"0.01\",\"fundChannel\":\"ALIPAYACCOUNT\"}]","notify_type":"trade_status_sync","trade_status":"TRADE_SUCCESS","receipt_amount":"0.01","app_id":"2018022702283497","buyer_pay_amount":"0.01","sign_type":"RSA2","seller_id":"2088521397903003","gmt_payment":"2018-10-26 16:23:43","notify_time":"2018-10-26 16:47:12","version":"1.0","out_trade_no":"201810260823153082","total_amount":"0.01","trade_no":"2018102622001492251008606592","auth_app_id":"2018022702283497","buyer_logon_id":"139***@qq.com","point_amount":"0.00"}
{"gmt_create":"2018-10-26 16:23:43","charset":"utf-8","seller_email":"68063160@qq.com","subject":"\u6d4b\u8bd5","sign":"cC6FM8PQI0N4CdgntnD9RRiTMEBlGClBWW8JiW6091dVSZsRixI5ySuaJCCD3syGd7l6BdavbO97SJDY35Ncm0zL1g0KVKKsKZ0h3RY6IJ\/ouFR7246CuAPnqSb2cux0rHk2b9hWh5AM0WAIcLNj40KmWT26QVHG4\/bJJQow07c4HCTLajKlqeYRCKnvM96xS8UKy3GAIGwbu8g6OUmhQwc\/9zZUYKVg+Cozqh9XNi+Tgtfqj8K0M6NQrgOjyNnIFu4S\/IBa93x7DGsXUFQXTREn1DLezRcWYrhQnXN0ebl006TKnuOeX\/Jfo0pt32MNlGAd+sd2O+y+ljQ2JpQscg==","buyer_id":"2088312755292251","invoice_amount":"0.01","notify_id":"2018102600222162344092251022843859","fund_bill_list":"[{\"amount\":\"0.01\",\"fundChannel\":\"ALIPAYACCOUNT\"}]","notify_type":"trade_status_sync","trade_status":"TRADE_SUCCESS","receipt_amount":"0.01","app_id":"2018022702283497","buyer_pay_amount":"0.01","sign_type":"RSA2","seller_id":"2088521397903003","gmt_payment":"2018-10-26 16:23:43","notify_time":"2018-10-26 16:47:12","version":"1.0","out_trade_no":"201810260823153082","total_amount":"0.01","trade_no":"2018102622001492251008606592","auth_app_id":"2018022702283497","buyer_logon_id":"139***@qq.com","point_amount":"0.00"}
签名验证通过
支付成功
判断金额成功
修改订单状态成功
{"gmt_create":"2018-10-26 16:43:16","charset":"utf-8","seller_email":"68063160@qq.com","subject":"\u6d4b\u8bd5","sign":"vdiGgvrZ6uNFa7vhwIeYltFgBHtq1TT117w8pO9XmAvWCNynnCR4lf8VTUjF\/235ylB\/msli3uibVVF7L3qy4vKJvnGIYq+pcfRn7Ceb3hOwmfYMISBSie2KDO\/PynCPl\/FxWBd2nbaL3rrpSeuFhy506hBn7i4TeGelc4JOPBI34ID\/WZgyOc6U9+nKH0bjARA3omSPydn6rqkdCifTBI1UKGHag7WaX\/jAIoYMYqWc9r4PVJl9y0BCU8WGs0y7gg\/oleb8CJaVcx\/sakSXujS2brhLgTUEYZpjNpX33v33wTb8DXXKAyLot7VfwmKSEVd+r2pSHQvD4g\/tCK2RbQ==","buyer_id":"2088312755292251","invoice_amount":"0.01","notify_id":"2018102600222164317092251022953316","fund_bill_list":"[{\"amount\":\"0.01\",\"fundChannel\":\"PCREDIT\"}]","notify_type":"trade_status_sync","trade_status":"TRADE_SUCCESS","receipt_amount":"0.01","app_id":"2018022702283497","buyer_pay_amount":"0.01","sign_type":"RSA2","seller_id":"2088521397903003","gmt_payment":"2018-10-26 16:43:17","notify_time":"2018-10-26 16:43:17","version":"1.0","out_trade_no":"201810260843067502","total_amount":"0.01","trade_no":"2018102622001492251008952036","auth_app_id":"2018022702283497","buyer_logon_id":"139***@qq.com","point_amount":"0.00"}
签名验证通过
支付成功
判断金额成功
修改订单状态成功
{"gmt_create":"2018-10-26 16:43:16","charset":"utf-8","seller_email":"68063160@qq.com","subject":"\u6d4b\u8bd5","sign":"vdiGgvrZ6uNFa7vhwIeYltFgBHtq1TT117w8pO9XmAvWCNynnCR4lf8VTUjF\/235ylB\/msli3uibVVF7L3qy4vKJvnGIYq+pcfRn7Ceb3hOwmfYMISBSie2KDO\/PynCPl\/FxWBd2nbaL3rrpSeuFhy506hBn7i4TeGelc4JOPBI34ID\/WZgyOc6U9+nKH0bjARA3omSPydn6rqkdCifTBI1UKGHag7WaX\/jAIoYMYqWc9r4PVJl9y0BCU8WGs0y7gg\/oleb8CJaVcx\/sakSXujS2brhLgTUEYZpjNpX33v33wTb8DXXKAyLot7VfwmKSEVd+r2pSHQvD4g\/tCK2RbQ==","buyer_id":"2088312755292251","invoice_amount":"0.01","notify_id":"2018102600222164317092251022953316","fund_bill_list":"[{\"amount\":\"0.01\",\"fundChannel\":\"PCREDIT\"}]","notify_type":"trade_status_sync","trade_status":"TRADE_SUCCESS","receipt_amount":"0.01","app_id":"2018022702283497","buyer_pay_amount":"0.01","sign_type":"RSA2","seller_id":"2088521397903003","gmt_payment":"2018-10-26 16:43:17","notify_time":"2018-10-26 16:43:17","version":"1.0","out_trade_no":"201810260843067502","total_amount":"0.01","trade_no":"2018102622001492251008952036","auth_app_id":"2018022702283497","buyer_logon_id":"139***@qq.com","point_amount":"0.00"}
签名验证通过
支付成功
判断金额成功
修改订单状态失败
{"gmt_create":"2018-10-30 19:06:46","charset":"utf-8","seller_email":"68063160@qq.com","subject":"\u6d4b\u8bd5","sign":"jKddQpRT4p\/6NwM3DjMEHEC5uyo+YGqoRmopyChwQRcN4c3XbOme8GK8RyBBR0MfS7k34zrROcrhy3EOFaitOKbwk5UmuqogjXR6NuKdihQEkAgJZzcxj8qb+seXVKcMxa1ULpf3XiEiJ4zMnXGq1QBhihCOWWnut7ETNK5SRcSPa+ZLjWhl1lv8W\/3IMySyZw9WlxJN\/QJq0NPQ+jwNtCKEa\/PuXiVvv5+wIKFBxYmX7Xz4D\/wiNDvh8XgejkQ83c3tZfUTes9ado2O7jfGkklqpRTpjq2UuvP20PBmhymlYitZgUEpXYoFKMe6KC2dtmSom0Y5FjCU03hdeuMlSw==","buyer_id":"2088312755292251","invoice_amount":"0.01","notify_id":"2018103000222190647092251024550918","fund_bill_list":"[{\"amount\":\"0.01\",\"fundChannel\":\"PCREDIT\"}]","notify_type":"trade_status_sync","trade_status":"TRADE_SUCCESS","receipt_amount":"0.01","app_id":"2018022702283497","buyer_pay_amount":"0.01","sign_type":"RSA2","seller_id":"2088521397903003","gmt_payment":"2018-10-30 19:06:46","notify_time":"2018-10-30 19:10:13","version":"1.0","out_trade_no":"201810301052589502","total_amount":"0.01","trade_no":"2018103022001492251009882821","auth_app_id":"2018022702283497","buyer_logon_id":"139***@qq.com","point_amount":"0.00"}
签名验证通过
支付成功
判断金额成功
修改订单状态成功
{"gmt_create":"2018-10-30 20:13:38","charset":"utf-8","seller_email":"68063160@qq.com","subject":"\u6d4b\u8bd5","sign":"cFL1z0dcoqLQfVN2pOot6TUV6+a0geDZBJCTlxGmA\/rrQ+w4MeGIGEGTACEH+duxqtAliOfavgQC2obpcdTrL13vL\/ohxIauNH4PTisfQRO7pb0KbmFAD46miqYbeA9sYL048QdfgtbOj0gFDAC3YbopLlPZxNB2f5k8tTU7vIgJLdx4E0waiSrk7nrC7Mh9oUP7rYCpjZn3s0bELIeIqQCxQ7a9oc1jyO92uim04lTYnAbHz3IJJ3coRUMtU6UoUN2CXWX0LsXs0+nViBU8V\/jciAQqlOz9O8eve54WfLp1W3u8pU8ZML0Q10GxgPOCMrFPetgUre5sIKiPNmE5pQ==","buyer_id":"2088312658886212","invoice_amount":"0.01","notify_id":"2018103000222201339086211018952600","fund_bill_list":"[{\"amount\":\"0.01\",\"fundChannel\":\"ALIPAYACCOUNT\"}]","notify_type":"trade_status_sync","trade_status":"TRADE_SUCCESS","receipt_amount":"0.01","app_id":"2018022702283497","buyer_pay_amount":"0.01","sign_type":"RSA2","seller_id":"2088521397903003","gmt_payment":"2018-10-30 20:13:38","notify_time":"2018-10-30 20:13:39","version":"1.0","out_trade_no":"201810301213115212","total_amount":"0.01","trade_no":"2018103022001486211005745796","auth_app_id":"2018022702283497","buyer_logon_id":"188****7310","point_amount":"0.00"}
签名验证通过
支付成功
判断金额成功
修改订单状态成功
{"gmt_create":"2018-10-30 20:13:41","charset":"utf-8","seller_email":"68063160@qq.com","subject":"\u6d4b\u8bd5","sign":"eOfk5r3JaK8V4uyNlieYHr6V2PUNcR79mxbDanaLqqKlvvJXFYS8OuSykm9LgdKPqZLeQWfWmHw+nZDxX5MIe3POW\/1GRhyO7HHgOPEfdP6yPCnkIoVw+rU5\/ti5uVXtQh\/gGvZsNCEIW2GL3pVqYvn0pomwTmKmFymP+4JP4u4y\/7LHoK4gvgpAebLeeeoXcfEGoAcVUzbwTg9sIALQvgItxNfara1xLABRuD6ly4YHcFoFbl\/sAE7f1yw6OgkxL2Ee9Tca3QbNCLK1ComvrkKiCfUUkVyc6hW26fpoSVLOl2Cl0URO3\/PqIDvrdOqTmvRcQhc1wdrqTyWfgkXvOA==","buyer_id":"2088312755292251","invoice_amount":"0.01","notify_id":"2018103000222201341092251024549363","fund_bill_list":"[{\"amount\":\"0.01\",\"fundChannel\":\"PCREDIT\"}]","notify_type":"trade_status_sync","trade_status":"TRADE_SUCCESS","receipt_amount":"0.01","app_id":"2018022702283497","buyer_pay_amount":"0.01","sign_type":"RSA2","seller_id":"2088521397903003","gmt_payment":"2018-10-30 20:13:41","notify_time":"2018-10-30 20:13:42","version":"1.0","out_trade_no":"201810301157378852","total_amount":"0.01","trade_no":"2018103022001492251010129993","auth_app_id":"2018022702283497","buyer_logon_id":"139***@qq.com","point_amount":"0.00"}
签名验证通过
支付成功
判断金额成功
修改订单状态成功
